# JRE version: Java(TM) SE Runtime Environment (8.0_121-b13) (build 1.8.0_121-b13)
# Java VM: Java HotSpot(TM) 64-Bit Server VM (25.121-b13 mixed mode linux-amd64 compressed oops)
Heap:
 PSYoungGen      total 567296K, used 0K [0x00000000d7000000, 0x0000000100000000, 0x0000000100000000)
  eden space 462848K, 0% used [0x00000000d7000000,0x00000000d7000000,0x00000000f3400000)
  from space 104448K, 0% used [0x00000000f3400000,0x00000000f3400000,0x00000000f9a00000)
  to   space 99328K, 0% used [0x00000000f9f00000,0x00000000f9f00000,0x0000000100000000)
 ParOldGen       total 401920K, used 382526K [0x0000000085000000, 0x000000009d880000, 0x00000000d7000000)
  object space 401920K, 95% used [0x0000000085000000,0x000000009c58f810,0x000000009d880000)
 Metaspace       used 26607K, capacity 26922K, committed 27056K, reserved 1073152K
  class space    used 2886K, capacity 2948K, committed 2992K, reserved 1048576K
GC Heap History (10 events):
Event: 94,960 GC heap after
Heap after GC invocations=25 (full 4):
 PSYoungGen      total 598528K, used 12444K [0x00000000d7000000, 0x0000000100000000, 0x0000000100000000)
  eden space 537088K, 0% used [0x00000000d7000000,0x00000000d7000000,0x00000000f7c80000)
  from space 61440K, 20% used [0x00000000f7c80000,0x00000000f88a7028,0x00000000fb880000)
  to   space 62976K, 0% used [0x00000000fc280000,0x00000000fc280000,0x0000000100000000)
 ParOldGen       total 401920K, used 245047K [0x0000000085000000, 0x000000009d880000, 0x00000000d7000000)
  object space 401920K, 60% used [0x0000000085000000,0x0000000093f4def0,0x000000009d880000)
 Metaspace       used 26536K, capacity 26858K, committed 27056K, reserved 1073152K
  class space    used 2886K, capacity 2948K, committed 2992K, reserved 1048576K
}
Event: 104,829 GC heap before
{Heap before GC invocations=26 (full 4):
 PSYoungGen      total 598528K, used 549532K [0x00000000d7000000, 0x0000000100000000, 0x0000000100000000)
  eden space 537088K, 100% used [0x00000000d7000000,0x00000000f7c80000,0x00000000f7c80000)
  from space 61440K, 20% used [0x00000000f7c80000,0x00000000f88a7028,0x00000000fb880000)
  to   space 62976K, 0% used [0x00000000fc280000,0x00000000fc280000,0x0000000100000000)
 ParOldGen       total 401920K, used 245047K [0x0000000085000000, 0x000000009d880000, 0x00000000d7000000)
  object space 401920K, 60% used [0x0000000085000000,0x0000000093f4def0,0x000000009d880000)
 Metaspace       used 26551K, capacity 26922K, committed 27056K, reserved 1073152K
  class space    used 2886K, capacity 2948K, committed 2992K, reserved 1048576K
Event: 104,900 GC heap after
Heap after GC invocations=26 (full 4):
 PSYoungGen      total 600576K, used 46839K [0x00000000d7000000, 0x0000000100000000, 0x0000000100000000)
  eden space 537600K, 0% used [0x00000000d7000000,0x00000000d7000000,0x00000000f7d00000)
  from space 62976K, 74% used [0x00000000fc280000,0x00000000ff03dcd0,0x0000000100000000)
  to   space 67072K, 0% used [0x00000000f7d00000,0x00000000f7d00000,0x00000000fbe80000)
 ParOldGen       total 401920K, used 245047K [0x0000000085000000, 0x000000009d880000, 0x00000000d7000000)
  object space 401920K, 60% used [0x0000000085000000,0x0000000093f4def0,0x000000009d880000)
 Metaspace       used 26551K, capacity 26922K, committed 27056K, reserved 1073152K
  class space    used 2886K, capacity 2948K, committed 2992K, reserved 1048576K
}
Event: 114,957 GC heap before
{Heap before GC invocations=27 (full 4):
 PSYoungGen      total 600576K, used 584439K [0x00000000d7000000, 0x0000000100000000, 0x0000000100000000)
  eden space 537600K, 100% used [0x00000000d7000000,0x00000000f7d00000,0x00000000f7d00000)
  from space 62976K, 74% used [0x00000000fc280000,0x00000000ff03dcd0,0x0000000100000000)
  to   space 67072K, 0% used [0x00000000f7d00000,0x00000000f7d00000,0x00000000fbe80000)
 ParOldGen       total 401920K, used 245047K [0x0000000085000000, 0x000000009d880000, 0x00000000d7000000)
  object space 401920K, 60% used [0x0000000085000000,0x0000000093f4def0,0x000000009d880000)
 Metaspace       used 26556K, capacity 26922K, committed 27056K, reserved 1073152K
  class space    used 2886K, capacity 2948K, committed 2992K, reserved 1048576K
Event: 115,019 GC heap after
Heap after GC invocations=27 (full 4):
 PSYoungGen      total 604672K, used 67043K [0x00000000d7000000, 0x0000000100000000, 0x0000000100000000)
  eden space 537600K, 0% used [0x00000000d7000000,0x00000000d7000000,0x00000000f7d00000)
  from space 67072K, 99% used [0x00000000f7d00000,0x00000000fbe78fc0,0x00000000fbe80000)
  to   space 67072K, 0% used [0x00000000fbe80000,0x00000000fbe80000,0x0000000100000000)
 ParOldGen       total 401920K, used 257941K [0x0000000085000000, 0x000000009d880000, 0x00000000d7000000)
  object space 401920K, 64% used [0x0000000085000000,0x0000000094be54a0,0x000000009d880000)
 Metaspace       used 26556K, capacity 26922K, committed 27056K, reserved 1073152K
  class space    used 2886K, capacity 2948K, committed 2992K, reserved 1048576K
}
Event: 125,219 GC heap before
{Heap before GC invocations=28 (full 4):
 PSYoungGen      total 604672K, used 604643K [0x00000000d7000000, 0x0000000100000000, 0x0000000100000000)
  eden space 537600K, 100% used [0x00000000d7000000,0x00000000f7d00000,0x00000000f7d00000)
  from space 67072K, 99% used [0x00000000f7d00000,0x00000000fbe78fc0,0x00000000fbe80000)
  to   space 67072K, 0% used [0x00000000fbe80000,0x00000000fbe80000,0x0000000100000000)
 ParOldGen       total 401920K, used 257941K [0x0000000085000000, 0x000000009d880000, 0x00000000d7000000)
  object space 401920K, 64% used [0x0000000085000000,0x0000000094be54a0,0x000000009d880000)
 Metaspace       used 26605K, capacity 26922K, committed 27056K, reserved 1073152K
  class space    used 2886K, capacity 2948K, committed 2992K, reserved 1048576K
Event: 125,830 GC heap after
Heap after GC invocations=28 (full 4):
 PSYoungGen      total 529920K, used 67060K [0x00000000d7000000, 0x0000000100000000, 0x0000000100000000)
  eden space 462848K, 0% used [0x00000000d7000000,0x00000000d7000000,0x00000000f3400000)
  from space 67072K, 99% used [0x00000000fbe80000,0x00000000ffffd170,0x0000000100000000)
  to   space 104448K, 0% used [0x00000000f3400000,0x00000000f3400000,0x00000000f9a00000)
 ParOldGen       total 401920K, used 298197K [0x0000000085000000, 0x000000009d880000, 0x00000000d7000000)
  object space 401920K, 74% used [0x0000000085000000,0x00000000973355f8,0x000000009d880000)
 Metaspace       used 26605K, capacity 26922K, committed 27056K, reserved 1073152K
  class space    used 2886K, capacity 2948K, committed 2992K, reserved 1048576K
}
Event: 134,108 GC heap before
{Heap before GC invocations=29 (full 4):
 PSYoungGen      total 529920K, used 529908K [0x00000000d7000000, 0x0000000100000000, 0x0000000100000000)
  eden space 462848K, 100% used [0x00000000d7000000,0x00000000f3400000,0x00000000f3400000)
  from space 67072K, 99% used [0x00000000fbe80000,0x00000000ffffd170,0x0000000100000000)
  to   space 104448K, 0% used [0x00000000f3400000,0x00000000f3400000,0x00000000f9a00000)
 ParOldGen       total 401920K, used 298197K [0x0000000085000000, 0x000000009d880000, 0x00000000d7000000)
  object space 401920K, 74% used [0x0000000085000000,0x00000000973355f8,0x000000009d880000)
 Metaspace       used 26607K, capacity 26922K, committed 27056K, reserved 1073152K
  class space    used 2886K, capacity 2948K, committed 2992K, reserved 1048576K
Event: 134,278 GC heap after
Heap after GC invocations=29 (full 4):
 PSYoungGen      total 567296K, used 34377K [0x00000000d7000000, 0x0000000100000000, 0x0000000100000000)
  eden space 462848K, 0% used [0x00000000d7000000,0x00000000d7000000,0x00000000f3400000)
  from space 104448K, 32% used [0x00000000f3400000,0x00000000f5592510,0x00000000f9a00000)
  to   space 99328K, 0% used [0x00000000f9f00000,0x00000000f9f00000,0x0000000100000000)
 ParOldGen       total 401920K, used 364151K [0x0000000085000000, 0x000000009d880000, 0x00000000d7000000)
  object space 401920K, 90% used [0x0000000085000000,0x000000009b39dc88,0x000000009d880000)
 Metaspace       used 26607K, capacity 26922K, committed 27056K, reserved 1073152K
  class space    used 2886K, capacity 2948K, committed 2992K, reserved 1048576K
}
Event: 134,278 GC heap before
{Heap before GC invocations=30 (full 5):
 PSYoungGen      total 567296K, used 34377K [0x00000000d7000000, 0x0000000100000000, 0x0000000100000000)
  eden space 462848K, 0% used [0x00000000d7000000,0x00000000d7000000,0x00000000f3400000)
  from space 104448K, 32% used [0x00000000f3400000,0x00000000f5592510,0x00000000f9a00000)
  to   space 99328K, 0% used [0x00000000f9f00000,0x00000000f9f00000,0x0000000100000000)
 ParOldGen       total 401920K, used 364151K [0x0000000085000000, 0x000000009d880000, 0x00000000d7000000)
  object space 401920K, 90% used [0x0000000085000000,0x000000009b39dc88,0x000000009d880000)
 Metaspace       used 26607K, capacity 26922K, committed 27056K, reserved 1073152K
  class space    used 2886K, capacity 2948K, committed 2992K, reserved 1048576K

